# JRE version: Java(TM) SE Runtime Environment (18.0.2.1+1) (build 18.0.2.1+1-1)
# Java VM: Java HotSpot(TM) 64-Bit Server VM (18.0.2.1+1-1, mixed mode, sharing, tiered, compressed oops, compressed class ptrs, g1 gc, windows-amd64)
GC Precious Log:
 CardTable entry size: 512
 Card Set container configuration: InlinePtr #cards 5 size 8 Array Of Cards #cards 12 size 40 Howl #buckets 4 coarsen threshold 1843 Howl Bitmap #cards 512 size 80 coarsen threshold 460 Card regions per heap region 1 cards per card region 2048
 CPUs: 4 total, 4 available
 Memory: 8057M
 Large Page Support: Disabled
 NUMA Support: Disabled
 Compressed Oops: Enabled (32-bit)
 Heap Region Size: 1M
 Heap Min Capacity: 8M
 Heap Initial Capacity: 126M
 Heap Max Capacity: 2016M
 Pre-touch: Disabled
 Parallel Workers: 4
 Concurrent Workers: 1
 Concurrent Refinement Workers: 4
 Periodic GC: Disabled
Heap:
 garbage-first heap   total 278528K, used 180221K [0x0000000082000000, 0x0000000100000000)
  region size 1024K, 19 young (19456K), 3 survivors (3072K)
 Metaspace       used 27606K, committed 28032K, reserved 1114112K
  class space    used 3569K, committed 3776K, reserved 1048576K
GC Heap History (18 events):
Event: 0.776 GC heap before
{Heap before GC invocations=0 (full 0):
 garbage-first heap   total 129024K, used 12288K [0x0000000082000000, 0x0000000100000000)
  region size 1024K, 13 young (13312K), 0 survivors (0K)
 Metaspace       used 2323K, committed 2496K, reserved 1114112K
  class space    used 234K, committed 320K, reserved 1048576K
}
Event: 0.779 GC heap after
{Heap after GC invocations=1 (full 0):
 garbage-first heap   total 129024K, used 2021K [0x0000000082000000, 0x0000000100000000)
  region size 1024K, 2 young (2048K), 2 survivors (2048K)
 Metaspace       used 2323K, committed 2496K, reserved 1114112K
  class space    used 234K, committed 320K, reserved 1048576K
}
Event: 1.363 GC heap before
{Heap before GC invocations=1 (full 0):
 garbage-first heap   total 129024K, used 24549K [0x0000000082000000, 0x0000000100000000)
  region size 1024K, 19 young (19456K), 2 survivors (2048K)
 Metaspace       used 8122K, committed 8320K, reserved 1114112K
  class space    used 992K, committed 1088K, reserved 1048576K
}
Event: 1.368 GC heap after
{Heap after GC invocations=2 (full 0):
 garbage-first heap   total 129024K, used 10984K [0x0000000082000000, 0x0000000100000000)
  region size 1024K, 3 young (3072K), 3 survivors (3072K)
 Metaspace       used 8122K, committed 8320K, reserved 1114112K
  class space    used 992K, committed 1088K, reserved 1048576K
}
Event: 9.545 GC heap before
{Heap before GC invocations=2 (full 0):
 garbage-first heap   total 129024K, used 69352K [0x0000000082000000, 0x0000000100000000)
  region size 1024K, 38 young (38912K), 3 survivors (3072K)
 Metaspace       used 21098K, committed 21376K, reserved 1114112K
  class space    used 2628K, committed 2752K, reserved 1048576K
}
Event: 9.555 GC heap after
{Heap after GC invocations=3 (full 0):
 garbage-first heap   total 129024K, used 37543K [0x0000000082000000, 0x0000000100000000)
  region size 1024K, 8 young (8192K), 8 survivors (8192K)
 Metaspace       used 21098K, committed 21376K, reserved 1114112K
  class space    used 2628K, committed 2752K, reserved 1048576K
}
Event: 9.795 GC heap before
{Heap before GC invocations=3 (full 0):
 garbage-first heap   total 160768K, used 109223K [0x0000000082000000, 0x0000000100000000)
  region size 1024K, 10 young (10240K), 8 survivors (8192K)
 Metaspace       used 21201K, committed 21504K, reserved 1114112K
  class space    used 2644K, committed 2752K, reserved 1048576K
}
Event: 9.802 GC heap after
{Heap after GC invocations=4 (full 0):
 garbage-first heap   total 160768K, used 109229K [0x0000000082000000, 0x0000000100000000)
  region size 1024K, 2 young (2048K), 2 survivors (2048K)
 Metaspace       used 21201K, committed 21504K, reserved 1114112K
  class space    used 2644K, committed 2752K, reserved 1048576K
}
Event: 10.382 GC heap before
{Heap before GC invocations=5 (full 0):
 garbage-first heap   total 189440K, used 129709K [0x0000000082000000, 0x0000000100000000)
  region size 1024K, 21 young (21504K), 2 survivors (2048K)
 Metaspace       used 24755K, committed 25088K, reserved 1114112K
  class space    used 3360K, committed 3520K, reserved 1048576K
}
Event: 10.387 GC heap after
{Heap after GC invocations=6 (full 0):
 garbage-first heap   total 189440K, used 113664K [0x0000000082000000, 0x0000000100000000)
  region size 1024K, 3 young (3072K), 3 survivors (3072K)
 Metaspace       used 24755K, committed 25088K, reserved 1114112K
  class space    used 3360K, committed 3520K, reserved 1048576K
}
Event: 16.213 GC heap before
{Heap before GC invocations=7 (full 0):
 garbage-first heap   total 189440K, used 122880K [0x0000000082000000, 0x0000000100000000)
  region size 1024K, 37 young (37888K), 3 survivors (3072K)
 Metaspace       used 26422K, committed 26816K, reserved 1114112K
  class space    used 3554K, committed 3776K, reserved 1048576K
}
Event: 16.227 GC heap after
{Heap after GC invocations=8 (full 0):
 garbage-first heap   total 189440K, used 89560K [0x0000000082000000, 0x0000000100000000)
  region size 1024K, 2 young (2048K), 2 survivors (2048K)
 Metaspace       used 26422K, committed 26816K, reserved 1114112K
  class space    used 3554K, committed 3776K, reserved 1048576K
}
Event: 26.656 GC heap before
{Heap before GC invocations=8 (full 0):
 garbage-first heap   total 260096K, used 198104K [0x0000000082000000, 0x0000000100000000)
  region size 1024K, 9 young (9216K), 2 survivors (2048K)
 Metaspace       used 26884K, committed 27328K, reserved 1114112K
  class space    used 3560K, committed 3776K, reserved 1048576K
}
Event: 26.661 GC heap after
{Heap after GC invocations=9 (full 0):
 garbage-first heap   total 260096K, used 191834K [0x0000000082000000, 0x0000000100000000)
  region size 1024K, 2 young (2048K), 2 survivors (2048K)
 Metaspace       used 26884K, committed 27328K, reserved 1114112K
  class space    used 3560K, committed 3776K, reserved 1048576K
}
Event: 37.126 GC heap before
{Heap before GC invocations=9 (full 0):
 garbage-first heap   total 260096K, used 219482K [0x0000000082000000, 0x0000000100000000)
  region size 1024K, 29 young (29696K), 2 survivors (2048K)
 Metaspace       used 27205K, committed 27584K, reserved 1114112K
  class space    used 3560K, committed 3776K, reserved 1048576K
}
Event: 37.134 GC heap after
{Heap after GC invocations=10 (full 0):
 garbage-first heap   total 260096K, used 164710K [0x0000000082000000, 0x0000000100000000)
  region size 1024K, 3 young (3072K), 3 survivors (3072K)
 Metaspace       used 27205K, committed 27584K, reserved 1114112K
  class space    used 3560K, committed 3776K, reserved 1048576K
}
Event: 58.637 GC heap before
{Heap before GC invocations=11 (full 0):
 garbage-first heap   total 278528K, used 212838K [0x0000000082000000, 0x0000000100000000)
  region size 1024K, 50 young (51200K), 3 survivors (3072K)
 Metaspace       used 27463K, committed 27840K, reserved 1114112K
  class space    used 3561K, committed 3776K, reserved 1048576K
}
Event: 58.641 GC heap after
{Heap after GC invocations=12 (full 0):
 garbage-first heap   total 278528K, used 164861K [0x0000000082000000, 0x0000000100000000)
  region size 1024K, 3 young (3072K), 3 survivors (3072K)
 Metaspace       used 27463K, committed 27840K, reserved 1114112K
  class space    used 3561K, committed 3776K, reserved 1048576K
}

