# JRE version: Java(TM) SE Runtime Environment (18.0.2.1+1) (build 18.0.2.1+1-1)
# Java VM: Java HotSpot(TM) 64-Bit Server VM (18.0.2.1+1-1, mixed mode, sharing, tiered, compressed oops, compressed class ptrs, g1 gc, windows-amd64)
GC Precious Log:
 CardTable entry size: 512
 Card Set container configuration: InlinePtr #cards 5 size 8 Array Of Cards #cards 12 size 40 Howl #buckets 4 coarsen threshold 1843 Howl Bitmap #cards 512 size 80 coarsen threshold 460 Card regions per heap region 1 cards per card region 2048
 CPUs: 4 total, 4 available
 Memory: 8057M
 Large Page Support: Disabled
 NUMA Support: Disabled
 Compressed Oops: Enabled (32-bit)
 Heap Region Size: 1M
 Heap Min Capacity: 8M
 Heap Initial Capacity: 126M
 Heap Max Capacity: 2016M
 Pre-touch: Disabled
 Parallel Workers: 4
 Concurrent Workers: 1
 Concurrent Refinement Workers: 4
 Periodic GC: Disabled
Heap:
 garbage-first heap   total 195584K, used 149227K [0x0000000082000000, 0x0000000100000000)
  region size 1024K, 7 young (7168K), 5 survivors (5120K)
 Metaspace       used 26658K, committed 27072K, reserved 1114112K
  class space    used 3449K, committed 3648K, reserved 1048576K
GC Heap History (12 events):
Event: 0.943 GC heap before
{Heap before GC invocations=0 (full 0):
 garbage-first heap   total 129024K, used 12288K [0x0000000082000000, 0x0000000100000000)
  region size 1024K, 13 young (13312K), 0 survivors (0K)
 Metaspace       used 2323K, committed 2496K, reserved 1114112K
  class space    used 234K, committed 320K, reserved 1048576K
}
Event: 0.947 GC heap after
{Heap after GC invocations=1 (full 0):
 garbage-first heap   total 129024K, used 1957K [0x0000000082000000, 0x0000000100000000)
  region size 1024K, 2 young (2048K), 2 survivors (2048K)
 Metaspace       used 2323K, committed 2496K, reserved 1114112K
  class space    used 234K, committed 320K, reserved 1048576K
}
Event: 1.540 GC heap before
{Heap before GC invocations=1 (full 0):
 garbage-first heap   total 129024K, used 25509K [0x0000000082000000, 0x0000000100000000)
  region size 1024K, 19 young (19456K), 2 survivors (2048K)
 Metaspace       used 8129K, committed 8320K, reserved 1114112K
  class space    used 991K, committed 1088K, reserved 1048576K
}
Event: 1.545 GC heap after
{Heap after GC invocations=2 (full 0):
 garbage-first heap   total 129024K, used 11007K [0x0000000082000000, 0x0000000100000000)
  region size 1024K, 3 young (3072K), 3 survivors (3072K)
 Metaspace       used 8129K, committed 8320K, reserved 1114112K
  class space    used 991K, committed 1088K, reserved 1048576K
}
Event: 10.420 GC heap before
{Heap before GC invocations=2 (full 0):
 garbage-first heap   total 129024K, used 89855K [0x0000000082000000, 0x0000000100000000)
  region size 1024K, 40 young (40960K), 3 survivors (3072K)
 Metaspace       used 21269K, committed 21504K, reserved 1114112K
  class space    used 2636K, committed 2752K, reserved 1048576K
}
Event: 10.430 GC heap after
{Heap after GC invocations=3 (full 0):
 garbage-first heap   total 129024K, used 28208K [0x0000000082000000, 0x0000000100000000)
  region size 1024K, 8 young (8192K), 8 survivors (8192K)
 Metaspace       used 21269K, committed 21504K, reserved 1114112K
  class space    used 2636K, committed 2752K, reserved 1048576K
}
Event: 11.230 GC heap before
{Heap before GC invocations=4 (full 0):
 garbage-first heap   total 99328K, used 29232K [0x0000000082000000, 0x0000000100000000)
  region size 1024K, 10 young (10240K), 8 survivors (8192K)
 Metaspace       used 21320K, committed 21632K, reserved 1114112K
  class space    used 2649K, committed 2752K, reserved 1048576K
}
Event: 11.237 GC heap after
{Heap after GC invocations=5 (full 0):
 garbage-first heap   total 99328K, used 29434K [0x0000000082000000, 0x0000000100000000)
  region size 1024K, 1 young (1024K), 1 survivors (1024K)
 Metaspace       used 21320K, committed 21632K, reserved 1114112K
  class space    used 2649K, committed 2752K, reserved 1048576K
}
Event: 11.734 GC heap before
{Heap before GC invocations=5 (full 0):
 garbage-first heap   total 146432K, used 79610K [0x0000000082000000, 0x0000000100000000)
  region size 1024K, 3 young (3072K), 1 survivors (1024K)
 Metaspace       used 21426K, committed 21760K, reserved 1114112K
  class space    used 2664K, committed 2816K, reserved 1048576K
}
Event: 11.735 GC heap after
{Heap after GC invocations=6 (full 0):
 garbage-first heap   total 146432K, used 78254K [0x0000000082000000, 0x0000000100000000)
  region size 1024K, 1 young (1024K), 1 survivors (1024K)
 Metaspace       used 21426K, committed 21760K, reserved 1114112K
  class space    used 2664K, committed 2816K, reserved 1048576K
}
Event: 24.296 GC heap before
{Heap before GC invocations=7 (full 0):
 garbage-first heap   total 195584K, used 173486K [0x0000000082000000, 0x0000000100000000)
  region size 1024K, 35 young (35840K), 1 survivors (1024K)
 Metaspace       used 26584K, committed 27008K, reserved 1114112K
  class space    used 3449K, committed 3648K, reserved 1048576K
}
Event: 24.306 GC heap after
{Heap after GC invocations=8 (full 0):
 garbage-first heap   total 195584K, used 148203K [0x0000000082000000, 0x0000000100000000)
  region size 1024K, 5 young (5120K), 5 survivors (5120K)
 Metaspace       used 26584K, committed 27008K, reserved 1114112K
  class space    used 3449K, committed 3648K, reserved 1048576K
}

